The target system is: Android - 1 - armv7-a
The host system is: Linux - 4.4.0-63-generic - x86_64
Determining if the C compiler works passed with the following output:
Change Dir: /home/manh/Documents/Projects/core/physics/build/droid/x86/Release/CMakeFiles/CMakeTmp

Run Build Command:"/usr/bin/make" "cmTC_8ebef/fast"
/usr/bin/make -f CMakeFiles/cmTC_8ebef.dir/build.make CMakeFiles/cmTC_8ebef.dir/build
make[1]: Entering directory '/home/manh/Documents/Projects/core/physics/build/droid/x86/Release/CMakeFiles/CMakeTmp'
Building C object CMakeFiles/cmTC_8ebef.dir/testCCompiler.c.o
/home/manh/Documents/android-ndk-r17c/toolchains/llvm/prebuilt/linux-x86_64/bin/clang --target=armv7-none-linux-androideabi --gcc-toolchain=/home/manh/Documents/android-ndk-r17c/toolchains/arm-linux-androideabi-4.9/prebuilt/linux-x86_64 --sysroot=/home/manh/Documents/android-ndk-r17c/sysroot   -isystem /home/manh/Documents/android-ndk-r17c/sysroot/usr/include/arm-linux-androideabi -D__ANDROID_API__=14 -g -DANDROID -ffunction-sections -funwind-tables -fstack-protector-strong -no-canonical-prefixes -march=armv7-a -mfloat-abi=softfp -mfpu=vfpv3-d16 -mthumb -Wa,--noexecstack -Wformat -Werror=format-security     -o CMakeFiles/cmTC_8ebef.dir/testCCompiler.c.o   -c /home/manh/Documents/Projects/core/physics/build/droid/x86/Release/CMakeFiles/CMakeTmp/testCCompiler.c
Linking C executable cmTC_8ebef
/home/manh/Documents/cmake-3.12.2-Linux-x86_64/bin/cmake -E cmake_link_script CMakeFiles/cmTC_8ebef.dir/link.txt --verbose=1
/home/manh/Documents/android-ndk-r17c/toolchains/llvm/prebuilt/linux-x86_64/bin/clang --target=armv7-none-linux-androideabi --gcc-toolchain=/home/manh/Documents/android-ndk-r17c/toolchains/arm-linux-androideabi-4.9/prebuilt/linux-x86_64 --sysroot=/home/manh/Documents/android-ndk-r17c/sysroot -isystem /home/manh/Documents/android-ndk-r17c/sysroot/usr/include/arm-linux-androideabi -D__ANDROID_API__=14 -g -DANDROID -ffunction-sections -funwind-tables -fstack-protector-strong -no-canonical-prefixes -march=armv7-a -mfloat-abi=softfp -mfpu=vfpv3-d16 -mthumb -Wa,--noexecstack -Wformat -Werror=format-security    -Wl,--exclude-libs,libgcc.a -Wl,--exclude-libs,libatomic.a -nostdlib++ --sysroot /home/manh/Documents/android-ndk-r17c/platforms/android-14/arch-arm -Wl,--build-id -Wl,--warn-shared-textrel -Wl,--fatal-warnings -Wl,--fix-cortex-a8 -Wl,--exclude-libs,libunwind.a -L/home/manh/Documents/android-ndk-r17c/sources/cxx-stl/llvm-libc++/libs/armeabi-v7a -Wl,--no-undefined -Wl,-z,noexecstack -Qunused-arguments -Wl,-z,relro -Wl,-z,now -Wl,--gc-sections -Wl,-z,nocopyreloc   CMakeFiles/cmTC_8ebef.dir/testCCompiler.c.o  -o cmTC_8ebef -latomic -lm 
make[1]: Leaving directory '/home/manh/Documents/Projects/core/physics/build/droid/x86/Release/CMakeFiles/CMakeTmp'


Detecting C compiler ABI info compiled with the following output:
Change Dir: /home/manh/Documents/Projects/core/physics/build/droid/x86/Release/CMakeFiles/CMakeTmp

Run Build Command:"/usr/bin/make" "cmTC_43fda/fast"
/usr/bin/make -f CMakeFiles/cmTC_43fda.dir/build.make CMakeFiles/cmTC_43fda.dir/build
make[1]: Entering directory '/home/manh/Documents/Projects/core/physics/build/droid/x86/Release/CMakeFiles/CMakeTmp'
Building C object CMakeFiles/cmTC_43fda.dir/CMakeCCompilerABI.c.o
/home/manh/Documents/android-ndk-r17c/toolchains/llvm/prebuilt/linux-x86_64/bin/clang --target=armv7-none-linux-androideabi --gcc-toolchain=/home/manh/Documents/android-ndk-r17c/toolchains/arm-linux-androideabi-4.9/prebuilt/linux-x86_64 --sysroot=/home/manh/Documents/android-ndk-r17c/sysroot   -isystem /home/manh/Documents/android-ndk-r17c/sysroot/usr/include/arm-linux-androideabi -D__ANDROID_API__=14 -g -DANDROID -ffunction-sections -funwind-tables -fstack-protector-strong -no-canonical-prefixes -march=armv7-a -mfloat-abi=softfp -mfpu=vfpv3-d16 -mthumb -Wa,--noexecstack -Wformat -Werror=format-security     -o CMakeFiles/cmTC_43fda.dir/CMakeCCompilerABI.c.o   -c /home/manh/Documents/cmake-3.12.2-Linux-x86_64/share/cmake-3.12/Modules/CMakeCCompilerABI.c
Linking C executable cmTC_43fda
/home/manh/Documents/cmake-3.12.2-Linux-x86_64/bin/cmake -E cmake_link_script CMakeFiles/cmTC_43fda.dir/link.txt --verbose=1
/home/manh/Documents/android-ndk-r17c/toolchains/llvm/prebuilt/linux-x86_64/bin/clang --target=armv7-none-linux-androideabi --gcc-toolchain=/home/manh/Documents/android-ndk-r17c/toolchains/arm-linux-androideabi-4.9/prebuilt/linux-x86_64 --sysroot=/home/manh/Documents/android-ndk-r17c/sysroot -isystem /home/manh/Documents/android-ndk-r17c/sysroot/usr/include/arm-linux-androideabi -D__ANDROID_API__=14 -g -DANDROID -ffunction-sections -funwind-tables -fstack-protector-strong -no-canonical-prefixes -march=armv7-a -mfloat-abi=softfp -mfpu=vfpv3-d16 -mthumb -Wa,--noexecstack -Wformat -Werror=format-security    -Wl,--exclude-libs,libgcc.a -Wl,--exclude-libs,libatomic.a -nostdlib++ --sysroot /home/manh/Documents/android-ndk-r17c/platforms/android-14/arch-arm -Wl,--build-id -Wl,--warn-shared-textrel -Wl,--fatal-warnings -Wl,--fix-cortex-a8 -Wl,--exclude-libs,libunwind.a -L/home/manh/Documents/android-ndk-r17c/sources/cxx-stl/llvm-libc++/libs/armeabi-v7a -Wl,--no-undefined -Wl,-z,noexecstack -Qunused-arguments -Wl,-z,relro -Wl,-z,now -Wl,--gc-sections -Wl,-z,nocopyreloc  -v CMakeFiles/cmTC_43fda.dir/CMakeCCompilerABI.c.o  -o cmTC_43fda 
Android (4691093 based on r316199) clang version 6.0.2 (https://android.googlesource.com/toolchain/clang 183abd29fc496f55536e7d904e0abae47888fc7f) (https://android.googlesource.com/toolchain/llvm 34361f192e41ed6e4e8f9aca80a4ea7e9856f327) (based on LLVM 6.0.2svn)
Target: armv7-none-linux-android
Thread model: posix
InstalledDir: /home/manh/Documents/android-ndk-r17c/toolchains/llvm/prebuilt/linux-x86_64/bin
Found candidate GCC installation: /home/manh/Documents/android-ndk-r17c/toolchains/arm-linux-androideabi-4.9/prebuilt/linux-x86_64/lib/gcc/arm-linux-androideabi/4.9.x
Selected GCC installation: /home/manh/Documents/android-ndk-r17c/toolchains/arm-linux-androideabi-4.9/prebuilt/linux-x86_64/lib/gcc/arm-linux-androideabi/4.9.x
Candidate multilib: thumb;@mthumb
Candidate multilib: armv7-a;@march=armv7-a
Candidate multilib: armv7-a/thumb;@march=armv7-a@mthumb
Candidate multilib: .;
Selected multilib: armv7-a/thumb;@march=armv7-a@mthumb
 "/home/manh/Documents/android-ndk-r17c/toolchains/arm-linux-androideabi-4.9/prebuilt/linux-x86_64/lib/gcc/arm-linux-androideabi/4.9.x/../../../../arm-linux-androideabi/bin/ld" --sysroot=/home/manh/Documents/android-ndk-r17c/platforms/android-14/arch-arm -z relro -X --eh-frame-hdr -m armelf_linux_eabi -dynamic-linker /system/bin/linker -o cmTC_43fda /home/manh/Documents/android-ndk-r17c/platforms/android-14/arch-arm/usr/lib/../lib/crtbegin_dynamic.o -L/home/manh/Documents/android-ndk-r17c/sources/cxx-stl/llvm-libc++/libs/armeabi-v7a -L/home/manh/Documents/android-ndk-r17c/toolchains/llvm/prebuilt/linux-x86_64/lib64/clang/6.0.2/lib/linux/arm -L/home/manh/Documents/android-ndk-r17c/toolchains/arm-linux-androideabi-4.9/prebuilt/linux-x86_64/lib/gcc/arm-linux-androideabi/4.9.x/armv7-a/thumb -L/home/manh/Documents/android-ndk-r17c/toolchains/arm-linux-androideabi-4.9/prebuilt/linux-x86_64/lib/gcc/arm-linux-androideabi/4.9.x/../../../../arm-linux-androideabi/lib/../lib/armv7-a/thumb -L/home/manh/Documents/android-ndk-r17c/platforms/android-14/arch-arm/usr/lib/../lib -L/home/manh/Documents/android-ndk-r17c/toolchains/arm-linux-androideabi-4.9/prebuilt/linux-x86_64/lib/gcc/arm-linux-androideabi/4.9.x/../../../../arm-linux-androideabi/lib/armv7-a/thumb -L/home/manh/Documents/android-ndk-r17c/platforms/android-14/arch-arm/usr/lib --exclude-libs libgcc.a --exclude-libs libatomic.a --build-id --warn-shared-textrel --fatal-warnings --fix-cortex-a8 --exclude-libs libunwind.a --no-undefined -z noexecstack -z relro -z now --gc-sections -z nocopyreloc CMakeFiles/cmTC_43fda.dir/CMakeCCompilerABI.c.o -lgcc -ldl -lc -lgcc -ldl /home/manh/Documents/android-ndk-r17c/platforms/android-14/arch-arm/usr/lib/../lib/crtend_android.o
make[1]: Leaving directory '/home/manh/Documents/Projects/core/physics/build/droid/x86/Release/CMakeFiles/CMakeTmp'


Parsed C implicit link information from above output:
  link line regex: [^( *|.*[/\])(arm-linux-androideabi-ld|CMAKE_LINK_STARTFILE-NOTFOUND|([^/\]+-)?ld|collect2)[^/\]*( |$)]
  ignore line: [Change Dir: /home/manh/Documents/Projects/core/physics/build/droid/x86/Release/CMakeFiles/CMakeTmp]
  ignore line: []
  ignore line: [Run Build Command:"/usr/bin/make" "cmTC_43fda/fast"]
  ignore line: [/usr/bin/make -f CMakeFiles/cmTC_43fda.dir/build.make CMakeFiles/cmTC_43fda.dir/build]
  ignore line: [make[1]: Entering directory '/home/manh/Documents/Projects/core/physics/build/droid/x86/Release/CMakeFiles/CMakeTmp']
  ignore line: [Building C object CMakeFiles/cmTC_43fda.dir/CMakeCCompilerABI.c.o]
  ignore line: [/home/manh/Documents/android-ndk-r17c/toolchains/llvm/prebuilt/linux-x86_64/bin/clang --target=armv7-none-linux-androideabi --gcc-toolchain=/home/manh/Documents/android-ndk-r17c/toolchains/arm-linux-androideabi-4.9/prebuilt/linux-x86_64 --sysroot=/home/manh/Documents/android-ndk-r17c/sysroot   -isystem /home/manh/Documents/android-ndk-r17c/sysroot/usr/include/arm-linux-androideabi -D__ANDROID_API__=14 -g -DANDROID -ffunction-sections -funwind-tables -fstack-protector-strong -no-canonical-prefixes -march=armv7-a -mfloat-abi=softfp -mfpu=vfpv3-d16 -mthumb -Wa,--noexecstack -Wformat -Werror=format-security     -o CMakeFiles/cmTC_43fda.dir/CMakeCCompilerABI.c.o   -c /home/manh/Documents/cmake-3.12.2-Linux-x86_64/share/cmake-3.12/Modules/CMakeCCompilerABI.c]
  ignore line: [Linking C executable cmTC_43fda]
  ignore line: [/home/manh/Documents/cmake-3.12.2-Linux-x86_64/bin/cmake -E cmake_link_script CMakeFiles/cmTC_43fda.dir/link.txt --verbose=1]
  ignore line: [/home/manh/Documents/android-ndk-r17c/toolchains/llvm/prebuilt/linux-x86_64/bin/clang --target=armv7-none-linux-androideabi --gcc-toolchain=/home/manh/Documents/android-ndk-r17c/toolchains/arm-linux-androideabi-4.9/prebuilt/linux-x86_64 --sysroot=/home/manh/Documents/android-ndk-r17c/sysroot -isystem /home/manh/Documents/android-ndk-r17c/sysroot/usr/include/arm-linux-androideabi -D__ANDROID_API__=14 -g -DANDROID -ffunction-sections -funwind-tables -fstack-protector-strong -no-canonical-prefixes -march=armv7-a -mfloat-abi=softfp -mfpu=vfpv3-d16 -mthumb -Wa,--noexecstack -Wformat -Werror=format-security    -Wl,--exclude-libs,libgcc.a -Wl,--exclude-libs,libatomic.a -nostdlib++ --sysroot /home/manh/Documents/android-ndk-r17c/platforms/android-14/arch-arm -Wl,--build-id -Wl,--warn-shared-textrel -Wl,--fatal-warnings -Wl,--fix-cortex-a8 -Wl,--exclude-libs,libunwind.a -L/home/manh/Documents/android-ndk-r17c/sources/cxx-stl/llvm-libc++/libs/armeabi-v7a -Wl,--no-undefined -Wl,-z,noexecstack -Qunused-arguments -Wl,-z,relro -Wl,-z,now -Wl,--gc-sections -Wl,-z,nocopyreloc  -v CMakeFiles/cmTC_43fda.dir/CMakeCCompilerABI.c.o  -o cmTC_43fda ]
  ignore line: [Android (4691093 based on r316199) clang version 6.0.2 (https://android.googlesource.com/toolchain/clang 183abd29fc496f55536e7d904e0abae47888fc7f) (https://android.googlesource.com/toolchain/llvm 34361f192e41ed6e4e8f9aca80a4ea7e9856f327) (based on LLVM 6.0.2svn)]
  ignore line: [Target: armv7-none-linux-android]
  ignore line: [Thread model: posix]
  ignore line: [InstalledDir: /home/manh/Documents/android-ndk-r17c/toolchains/llvm/prebuilt/linux-x86_64/bin]
  ignore line: [Found candidate GCC installation: /home/manh/Documents/android-ndk-r17c/toolchains/arm-linux-androideabi-4.9/prebuilt/linux-x86_64/lib/gcc/arm-linux-androideabi/4.9.x]
  ignore line: [Selected GCC installation: /home/manh/Documents/android-ndk-r17c/toolchains/arm-linux-androideabi-4.9/prebuilt/linux-x86_64/lib/gcc/arm-linux-androideabi/4.9.x]
  ignore line: [Candidate multilib: thumb]
  ignore line: [@mthumb]
  ignore line: [Candidate multilib: armv7-a]
  ignore line: [@march=armv7-a]
  ignore line: [Candidate multilib: armv7-a/thumb]
  ignore line: [@march=armv7-a@mthumb]
  ignore line: [Candidate multilib: .]
  ignore line: []
  ignore line: [Selected multilib: armv7-a/thumb]
  ignore line: [@march=armv7-a@mthumb]
  link line: [ "/home/manh/Documents/android-ndk-r17c/toolchains/arm-linux-androideabi-4.9/prebuilt/linux-x86_64/lib/gcc/arm-linux-androideabi/4.9.x/../../../../arm-linux-androideabi/bin/ld" --sysroot=/home/manh/Documents/android-ndk-r17c/platforms/android-14/arch-arm -z relro -X --eh-frame-hdr -m armelf_linux_eabi -dynamic-linker /system/bin/linker -o cmTC_43fda /home/manh/Documents/android-ndk-r17c/platforms/android-14/arch-arm/usr/lib/../lib/crtbegin_dynamic.o -L/home/manh/Documents/android-ndk-r17c/sources/cxx-stl/llvm-libc++/libs/armeabi-v7a -L/home/manh/Documents/android-ndk-r17c/toolchains/llvm/prebuilt/linux-x86_64/lib64/clang/6.0.2/lib/linux/arm -L/home/manh/Documents/android-ndk-r17c/toolchains/arm-linux-androideabi-4.9/prebuilt/linux-x86_64/lib/gcc/arm-linux-androideabi/4.9.x/armv7-a/thumb -L/home/manh/Documents/android-ndk-r17c/toolchains/arm-linux-androideabi-4.9/prebuilt/linux-x86_64/lib/gcc/arm-linux-androideabi/4.9.x/../../../../arm-linux-androideabi/lib/../lib/armv7-a/thumb -L/home/manh/Documents/android-ndk-r17c/platforms/android-14/arch-arm/usr/lib/../lib -L/home/manh/Documents/android-ndk-r17c/toolchains/arm-linux-androideabi-4.9/prebuilt/linux-x86_64/lib/gcc/arm-linux-androideabi/4.9.x/../../../../arm-linux-androideabi/lib/armv7-a/thumb -L/home/manh/Documents/android-ndk-r17c/platforms/android-14/arch-arm/usr/lib --exclude-libs libgcc.a --exclude-libs libatomic.a --build-id --warn-shared-textrel --fatal-warnings --fix-cortex-a8 --exclude-libs libunwind.a --no-undefined -z noexecstack -z relro -z now --gc-sections -z nocopyreloc CMakeFiles/cmTC_43fda.dir/CMakeCCompilerABI.c.o -lgcc -ldl -lc -lgcc -ldl /home/manh/Documents/android-ndk-r17c/platforms/android-14/arch-arm/usr/lib/../lib/crtend_android.o]
    arg [/home/manh/Documents/android-ndk-r17c/toolchains/arm-linux-androideabi-4.9/prebuilt/linux-x86_64/lib/gcc/arm-linux-androideabi/4.9.x/../../../../arm-linux-androideabi/bin/ld] ==> ignore
    arg [--sysroot=/home/manh/Documents/android-ndk-r17c/platforms/android-14/arch-arm] ==> ignore
    arg [-zrelro] ==> ignore
    arg [-X] ==> ignore
    arg [--eh-frame-hdr] ==> ignore
    arg [-m] ==> ignore
    arg [armelf_linux_eabi] ==> ignore
    arg [-dynamic-linker] ==> ignore
    arg [/system/bin/linker] ==> ignore
    arg [-o] ==> ignore
    arg [cmTC_43fda] ==> ignore
    arg [/home/manh/Documents/android-ndk-r17c/platforms/android-14/arch-arm/usr/lib/../lib/crtbegin_dynamic.o] ==> ignore
    arg [-L/home/manh/Documents/android-ndk-r17c/sources/cxx-stl/llvm-libc++/libs/armeabi-v7a] ==> dir [/home/manh/Documents/android-ndk-r17c/sources/cxx-stl/llvm-libc++/libs/armeabi-v7a]
    arg [-L/home/manh/Documents/android-ndk-r17c/toolchains/llvm/prebuilt/linux-x86_64/lib64/clang/6.0.2/lib/linux/arm] ==> dir [/home/manh/Documents/android-ndk-r17c/toolchains/llvm/prebuilt/linux-x86_64/lib64/clang/6.0.2/lib/linux/arm]
    arg [-L/home/manh/Documents/android-ndk-r17c/toolchains/arm-linux-androideabi-4.9/prebuilt/linux-x86_64/lib/gcc/arm-linux-androideabi/4.9.x/armv7-a/thumb] ==> dir [/home/manh/Documents/android-ndk-r17c/toolchains/arm-linux-androideabi-4.9/prebuilt/linux-x86_64/lib/gcc/arm-linux-androideabi/4.9.x/armv7-a/thumb]
    arg [-L/home/manh/Documents/android-ndk-r17c/toolchains/arm-linux-androideabi-4.9/prebuilt/linux-x86_64/lib/gcc/arm-linux-androideabi/4.9.x/../../../../arm-linux-androideabi/lib/../lib/armv7-a/thumb] ==> dir [/home/manh/Documents/android-ndk-r17c/toolchains/arm-linux-androideabi-4.9/prebuilt/linux-x86_64/lib/gcc/arm-linux-androideabi/4.9.x/../../../../arm-linux-androideabi/lib/../lib/armv7-a/thumb]
    arg [-L/home/manh/Documents/android-ndk-r17c/platforms/android-14/arch-arm/usr/lib/../lib] ==> dir [/home/manh/Documents/android-ndk-r17c/platforms/android-14/arch-arm/usr/lib/../lib]
    arg [-L/home/manh/Documents/android-ndk-r17c/toolchains/arm-linux-androideabi-4.9/prebuilt/linux-x86_64/lib/gcc/arm-linux-androideabi/4.9.x/../../../../arm-linux-androideabi/lib/armv7-a/thumb] ==> dir [/home/manh/Documents/android-ndk-r17c/toolchains/arm-linux-androideabi-4.9/prebuilt/linux-x86_64/lib/gcc/arm-linux-androideabi/4.9.x/../../../../arm-linux-androideabi/lib/armv7-a/thumb]
    arg [-L/home/manh/Documents/android-ndk-r17c/platforms/android-14/arch-arm/usr/lib] ==> dir [/home/manh/Documents/android-ndk-r17c/platforms/android-14/arch-arm/usr/lib]
    arg [--exclude-libs] ==> ignore
    arg [libgcc.a] ==> ignore
    arg [--exclude-libs] ==> ignore
    arg [libatomic.a] ==> ignore
    arg [--build-id] ==> ignore
    arg [--warn-shared-textrel] ==> ignore
    arg [--fatal-warnings] ==> ignore
    arg [--fix-cortex-a8] ==> ignore
    arg [--exclude-libs] ==> ignore
    arg [libunwind.a] ==> ignore
    arg [--no-undefined] ==> ignore
    arg [-znoexecstack] ==> ignore
    arg [-zrelro] ==> ignore
    arg [-znow] ==> ignore
    arg [--gc-sections] ==> ignore
    arg [-znocopyreloc] ==> ignore
    arg [CMakeFiles/cmTC_43fda.dir/CMakeCCompilerABI.c.o] ==> ignore
    arg [-lgcc] ==> lib [gcc]
    arg [-ldl] ==> lib [dl]
    arg [-lc] ==> lib [c]
    arg [-lgcc] ==> lib [gcc]
    arg [-ldl] ==> lib [dl]
    arg [/home/manh/Documents/android-ndk-r17c/platforms/android-14/arch-arm/usr/lib/../lib/crtend_android.o] ==> ignore
  collapse library dir [/home/manh/Documents/android-ndk-r17c/sources/cxx-stl/llvm-libc++/libs/armeabi-v7a] ==> [/home/manh/Documents/android-ndk-r17c/sources/cxx-stl/llvm-libc++/libs/armeabi-v7a]
  collapse library dir [/home/manh/Documents/android-ndk-r17c/toolchains/llvm/prebuilt/linux-x86_64/lib64/clang/6.0.2/lib/linux/arm] ==> [/home/manh/Documents/android-ndk-r17c/toolchains/llvm/prebuilt/linux-x86_64/lib64/clang/6.0.2/lib/linux/arm]
  collapse library dir [/home/manh/Documents/android-ndk-r17c/toolchains/arm-linux-androideabi-4.9/prebuilt/linux-x86_64/lib/gcc/arm-linux-androideabi/4.9.x/armv7-a/thumb] ==> [/home/manh/Documents/android-ndk-r17c/toolchains/arm-linux-androideabi-4.9/prebuilt/linux-x86_64/lib/gcc/arm-linux-androideabi/4.9.x/armv7-a/thumb]
  collapse library dir [/home/manh/Documents/android-ndk-r17c/toolchains/arm-linux-androideabi-4.9/prebuilt/linux-x86_64/lib/gcc/arm-linux-androideabi/4.9.x/../../../../arm-linux-androideabi/lib/../lib/armv7-a/thumb] ==> [/home/manh/Documents/android-ndk-r17c/toolchains/arm-linux-androideabi-4.9/prebuilt/linux-x86_64/arm-linux-androideabi/lib/armv7-a/thumb]
  collapse library dir [/home/manh/Documents/android-ndk-r17c/platforms/android-14/arch-arm/usr/lib/../lib] ==> [/home/manh/Documents/android-ndk-r17c/platforms/android-14/arch-arm/usr/lib]
  collapse library dir [/home/manh/Documents/android-ndk-r17c/toolchains/arm-linux-androideabi-4.9/prebuilt/linux-x86_64/lib/gcc/arm-linux-androideabi/4.9.x/../../../../arm-linux-androideabi/lib/armv7-a/thumb] ==> [/home/manh/Documents/android-ndk-r17c/toolchains/arm-linux-androideabi-4.9/prebuilt/linux-x86_64/arm-linux-androideabi/lib/armv7-a/thumb]
  collapse library dir [/home/manh/Documents/android-ndk-r17c/platforms/android-14/arch-arm/usr/lib] ==> [/home/manh/Documents/android-ndk-r17c/platforms/android-14/arch-arm/usr/lib]
  implicit libs: [gcc;dl;c;gcc;dl]
  implicit dirs: [/home/manh/Documents/android-ndk-r17c/sources/cxx-stl/llvm-libc++/libs/armeabi-v7a;/home/manh/Documents/android-ndk-r17c/toolchains/llvm/prebuilt/linux-x86_64/lib64/clang/6.0.2/lib/linux/arm;/home/manh/Documents/android-ndk-r17c/toolchains/arm-linux-androideabi-4.9/prebuilt/linux-x86_64/lib/gcc/arm-linux-androideabi/4.9.x/armv7-a/thumb;/home/manh/Documents/android-ndk-r17c/toolchains/arm-linux-androideabi-4.9/prebuilt/linux-x86_64/arm-linux-androideabi/lib/armv7-a/thumb;/home/manh/Documents/android-ndk-r17c/platforms/android-14/arch-arm/usr/lib]
  implicit fwks: []




Detecting C [-std=c11] compiler features compiled with the following output:
Change Dir: /home/manh/Documents/Projects/core/physics/build/droid/x86/Release/CMakeFiles/CMakeTmp

Run Build Command:"/usr/bin/make" "cmTC_11472/fast"
/usr/bin/make -f CMakeFiles/cmTC_11472.dir/build.make CMakeFiles/cmTC_11472.dir/build
make[1]: Entering directory '/home/manh/Documents/Projects/core/physics/build/droid/x86/Release/CMakeFiles/CMakeTmp'
Building C object CMakeFiles/cmTC_11472.dir/feature_tests.c.o
/home/manh/Documents/android-ndk-r17c/toolchains/llvm/prebuilt/linux-x86_64/bin/clang --target=armv7-none-linux-androideabi --gcc-toolchain=/home/manh/Documents/android-ndk-r17c/toolchains/arm-linux-androideabi-4.9/prebuilt/linux-x86_64 --sysroot=/home/manh/Documents/android-ndk-r17c/sysroot   -isystem /home/manh/Documents/android-ndk-r17c/sysroot/usr/include/arm-linux-androideabi -D__ANDROID_API__=14 -g -DANDROID -ffunction-sections -funwind-tables -fstack-protector-strong -no-canonical-prefixes -march=armv7-a -mfloat-abi=softfp -mfpu=vfpv3-d16 -mthumb -Wa,--noexecstack -Wformat -Werror=format-security     -std=c11 -o CMakeFiles/cmTC_11472.dir/feature_tests.c.o   -c /home/manh/Documents/Projects/core/physics/build/droid/x86/Release/CMakeFiles/feature_tests.c
Linking C executable cmTC_11472
/home/manh/Documents/cmake-3.12.2-Linux-x86_64/bin/cmake -E cmake_link_script CMakeFiles/cmTC_11472.dir/link.txt --verbose=1
/home/manh/Documents/android-ndk-r17c/toolchains/llvm/prebuilt/linux-x86_64/bin/clang --target=armv7-none-linux-androideabi --gcc-toolchain=/home/manh/Documents/android-ndk-r17c/toolchains/arm-linux-androideabi-4.9/prebuilt/linux-x86_64 --sysroot=/home/manh/Documents/android-ndk-r17c/sysroot -isystem /home/manh/Documents/android-ndk-r17c/sysroot/usr/include/arm-linux-androideabi -D__ANDROID_API__=14 -g -DANDROID -ffunction-sections -funwind-tables -fstack-protector-strong -no-canonical-prefixes -march=armv7-a -mfloat-abi=softfp -mfpu=vfpv3-d16 -mthumb -Wa,--noexecstack -Wformat -Werror=format-security    -Wl,--exclude-libs,libgcc.a -Wl,--exclude-libs,libatomic.a -nostdlib++ --sysroot /home/manh/Documents/android-ndk-r17c/platforms/android-14/arch-arm -Wl,--build-id -Wl,--warn-shared-textrel -Wl,--fatal-warnings -Wl,--fix-cortex-a8 -Wl,--exclude-libs,libunwind.a -L/home/manh/Documents/android-ndk-r17c/sources/cxx-stl/llvm-libc++/libs/armeabi-v7a -Wl,--no-undefined -Wl,-z,noexecstack -Qunused-arguments -Wl,-z,relro -Wl,-z,now -Wl,--gc-sections -Wl,-z,nocopyreloc   CMakeFiles/cmTC_11472.dir/feature_tests.c.o  -o cmTC_11472 -latomic -lm 
make[1]: Leaving directory '/home/manh/Documents/Projects/core/physics/build/droid/x86/Release/CMakeFiles/CMakeTmp'


    Feature record: C_FEATURE:1c_function_prototypes
    Feature record: C_FEATURE:1c_restrict
    Feature record: C_FEATURE:1c_static_assert
    Feature record: C_FEATURE:1c_variadic_macros


Detecting C [-std=c99] compiler features compiled with the following output:
Change Dir: /home/manh/Documents/Projects/core/physics/build/droid/x86/Release/CMakeFiles/CMakeTmp

Run Build Command:"/usr/bin/make" "cmTC_c12c2/fast"
/usr/bin/make -f CMakeFiles/cmTC_c12c2.dir/build.make CMakeFiles/cmTC_c12c2.dir/build
make[1]: Entering directory '/home/manh/Documents/Projects/core/physics/build/droid/x86/Release/CMakeFiles/CMakeTmp'
Building C object CMakeFiles/cmTC_c12c2.dir/feature_tests.c.o
/home/manh/Documents/android-ndk-r17c/toolchains/llvm/prebuilt/linux-x86_64/bin/clang --target=armv7-none-linux-androideabi --gcc-toolchain=/home/manh/Documents/android-ndk-r17c/toolchains/arm-linux-androideabi-4.9/prebuilt/linux-x86_64 --sysroot=/home/manh/Documents/android-ndk-r17c/sysroot   -isystem /home/manh/Documents/android-ndk-r17c/sysroot/usr/include/arm-linux-androideabi -D__ANDROID_API__=14 -g -DANDROID -ffunction-sections -funwind-tables -fstack-protector-strong -no-canonical-prefixes -march=armv7-a -mfloat-abi=softfp -mfpu=vfpv3-d16 -mthumb -Wa,--noexecstack -Wformat -Werror=format-security     -std=c99 -o CMakeFiles/cmTC_c12c2.dir/feature_tests.c.o   -c /home/manh/Documents/Projects/core/physics/build/droid/x86/Release/CMakeFiles/feature_tests.c
Linking C executable cmTC_c12c2
/home/manh/Documents/cmake-3.12.2-Linux-x86_64/bin/cmake -E cmake_link_script CMakeFiles/cmTC_c12c2.dir/link.txt --verbose=1
/home/manh/Documents/android-ndk-r17c/toolchains/llvm/prebuilt/linux-x86_64/bin/clang --target=armv7-none-linux-androideabi --gcc-toolchain=/home/manh/Documents/android-ndk-r17c/toolchains/arm-linux-androideabi-4.9/prebuilt/linux-x86_64 --sysroot=/home/manh/Documents/android-ndk-r17c/sysroot -isystem /home/manh/Documents/android-ndk-r17c/sysroot/usr/include/arm-linux-androideabi -D__ANDROID_API__=14 -g -DANDROID -ffunction-sections -funwind-tables -fstack-protector-strong -no-canonical-prefixes -march=armv7-a -mfloat-abi=softfp -mfpu=vfpv3-d16 -mthumb -Wa,--noexecstack -Wformat -Werror=format-security    -Wl,--exclude-libs,libgcc.a -Wl,--exclude-libs,libatomic.a -nostdlib++ --sysroot /home/manh/Documents/android-ndk-r17c/platforms/android-14/arch-arm -Wl,--build-id -Wl,--warn-shared-textrel -Wl,--fatal-warnings -Wl,--fix-cortex-a8 -Wl,--exclude-libs,libunwind.a -L/home/manh/Documents/android-ndk-r17c/sources/cxx-stl/llvm-libc++/libs/armeabi-v7a -Wl,--no-undefined -Wl,-z,noexecstack -Qunused-arguments -Wl,-z,relro -Wl,-z,now -Wl,--gc-sections -Wl,-z,nocopyreloc   CMakeFiles/cmTC_c12c2.dir/feature_tests.c.o  -o cmTC_c12c2 -latomic -lm 
make[1]: Leaving directory '/home/manh/Documents/Projects/core/physics/build/droid/x86/Release/CMakeFiles/CMakeTmp'


    Feature record: C_FEATURE:1c_function_prototypes
    Feature record: C_FEATURE:1c_restrict
    Feature record: C_FEATURE:0c_static_assert
    Feature record: C_FEATURE:1c_variadic_macros


Detecting C [-std=c90] compiler features compiled with the following output:
Change Dir: /home/manh/Documents/Projects/core/physics/build/droid/x86/Release/CMakeFiles/CMakeTmp

Run Build Command:"/usr/bin/make" "cmTC_0bb81/fast"
/usr/bin/make -f CMakeFiles/cmTC_0bb81.dir/build.make CMakeFiles/cmTC_0bb81.dir/build
make[1]: Entering directory '/home/manh/Documents/Projects/core/physics/build/droid/x86/Release/CMakeFiles/CMakeTmp'
Building C object CMakeFiles/cmTC_0bb81.dir/feature_tests.c.o
/home/manh/Documents/android-ndk-r17c/toolchains/llvm/prebuilt/linux-x86_64/bin/clang --target=armv7-none-linux-androideabi --gcc-toolchain=/home/manh/Documents/android-ndk-r17c/toolchains/arm-linux-androideabi-4.9/prebuilt/linux-x86_64 --sysroot=/home/manh/Documents/android-ndk-r17c/sysroot   -isystem /home/manh/Documents/android-ndk-r17c/sysroot/usr/include/arm-linux-androideabi -D__ANDROID_API__=14 -g -DANDROID -ffunction-sections -funwind-tables -fstack-protector-strong -no-canonical-prefixes -march=armv7-a -mfloat-abi=softfp -mfpu=vfpv3-d16 -mthumb -Wa,--noexecstack -Wformat -Werror=format-security     -std=c90 -o CMakeFiles/cmTC_0bb81.dir/feature_tests.c.o   -c /home/manh/Documents/Projects/core/physics/build/droid/x86/Release/CMakeFiles/feature_tests.c
Linking C executable cmTC_0bb81
/home/manh/Documents/cmake-3.12.2-Linux-x86_64/bin/cmake -E cmake_link_script CMakeFiles/cmTC_0bb81.dir/link.txt --verbose=1
/home/manh/Documents/android-ndk-r17c/toolchains/llvm/prebuilt/linux-x86_64/bin/clang --target=armv7-none-linux-androideabi --gcc-toolchain=/home/manh/Documents/android-ndk-r17c/toolchains/arm-linux-androideabi-4.9/prebuilt/linux-x86_64 --sysroot=/home/manh/Documents/android-ndk-r17c/sysroot -isystem /home/manh/Documents/android-ndk-r17c/sysroot/usr/include/arm-linux-androideabi -D__ANDROID_API__=14 -g -DANDROID -ffunction-sections -funwind-tables -fstack-protector-strong -no-canonical-prefixes -march=armv7-a -mfloat-abi=softfp -mfpu=vfpv3-d16 -mthumb -Wa,--noexecstack -Wformat -Werror=format-security    -Wl,--exclude-libs,libgcc.a -Wl,--exclude-libs,libatomic.a -nostdlib++ --sysroot /home/manh/Documents/android-ndk-r17c/platforms/android-14/arch-arm -Wl,--build-id -Wl,--warn-shared-textrel -Wl,--fatal-warnings -Wl,--fix-cortex-a8 -Wl,--exclude-libs,libunwind.a -L/home/manh/Documents/android-ndk-r17c/sources/cxx-stl/llvm-libc++/libs/armeabi-v7a -Wl,--no-undefined -Wl,-z,noexecstack -Qunused-arguments -Wl,-z,relro -Wl,-z,now -Wl,--gc-sections -Wl,-z,nocopyreloc   CMakeFiles/cmTC_0bb81.dir/feature_tests.c.o  -o cmTC_0bb81 -latomic -lm 
make[1]: Leaving directory '/home/manh/Documents/Projects/core/physics/build/droid/x86/Release/CMakeFiles/CMakeTmp'


    Feature record: C_FEATURE:1c_function_prototypes
    Feature record: C_FEATURE:0c_restrict
    Feature record: C_FEATURE:0c_static_assert
    Feature record: C_FEATURE:0c_variadic_macros
